04/07/2019 09:50:53-s0073159 logged
04/07/2019 10:09:04-s0079175 logged
04/07/2019 10:09:46-Template_ActionCanExecute(AddFolderAct)
04/07/2019 10:09:46-Template_ActionCanExecute(TestLab.NewFolder)
04/07/2019 10:10:53-Template_ActionCanExecute(Release.NewReleaseFromTemplate)
04/07/2019 10:17:03-Template_ActionCanExecute(Release.NewReleasePopup)
04/07/2019 10:21:56-Template_ActionCanExecute(Release.Refresh)
04/07/2019 10:23:08-Template_ActionCanExecute(Release.RescheduleEntity)
04/07/2019 10:24:15-Template_ActionCanExecute(Release.RescheduleEntity)
04/07/2019 10:27:08-Template_ActionCanExecute(Release.Delete)
04/07/2019 10:27:18-Template_ActionCanExecute(Release.Delete)
04/07/2019 10:27:38-Template_ActionCanExecute(Release.Details)
04/07/2019 10:35:56-Template_ActionCanExecute(actCoverageView)
04/07/2019 10:35:57-Template_ActionCanExecute(Requirements.DETAILS)
04/07/2019 10:36:21-Template_ActionCanExecute(actFilterRefresh)
04/07/2019 10:36:21-Template_ActionCanExecute(Requirements.Refresh)
04/07/2019 10:36:45-Template_ActionCanExecute(act_req_rename)
04/07/2019 10:36:45-Template_ActionCanExecute(Requirements.Rename)
04/07/2019 10:36:49-Template_ActionCanExecute(actReqDetails)
04/07/2019 10:36:49-Template_ActionCanExecute(Requirements.RequirementDetails)
04/07/2019 10:37:30-Template_ActionCanExecute(act_new_child_req)
04/07/2019 10:37:30-Template_ActionCanExecute(Requirements.NewRequirement)
04/07/2019 10:41:22-Template_ActionCanExecute(act_req_rename)
04/07/2019 10:41:22-Template_ActionCanExecute(Requirements.Rename)
04/07/2019 10:41:32-Template_ActionCanExecute(Template_Requirements_Corbeille)
04/07/2019 10:41:32-Template_ActionCanExecute(UserDefinedActions.Template_Requirements_Corbeille)
04/07/2019 10:41:32-MiseCorbeille.. begin
04/07/2019 10:41:32-  Begin of Sub MiseCorbeille (Requirements, 13380, Faux)
04/07/2019 10:41:32-   Begin of MiseCorbeille
04/07/2019 10:41:35-   theReqFactory.Item(EntId) = 13380
04/07/2019 10:41:35-   Req ID = 13380
04/07/2019 10:41:35-   Req Name = Exigence MOA
04/07/2019 10:41:35-   Before Rename(Req_Fields("RQ_REQ_NAME").Value) = Exigence MOA
04/07/2019 10:41:36-   After Rename(Req_Fields("RQ_REQ_NAME").Value) = Exigence MOA_Deplacé04072019104135
04/07/2019 10:41:36-   After MyReq.Move iCorbeilleReqId, -4 : 1
04/07/2019 10:41:36-   Before CleanReqCycle : 13380
04/07/2019 10:41:36-   After CleanReqCycle
04/07/2019 10:41:36-   Before RemoveTestReqLink : 13380
04/07/2019 10:41:36-   After RemoveTestReqLink : 13380/
04/07/2019 10:41:36-   Before RemoveCodeLotprojetFromReqChildren : 13380
04/07/2019 10:41:36-   After RemoveCodeLotprojetFromReqChildren
04/07/2019 10:41:36-   End of MiseCorbeille
04/07/2019 10:41:36-  End of Sub MiseCorbeille (Requirements, 13380, Faux)
04/07/2019 10:41:36-MiseCorbeille.. end
04/07/2019 10:41:36-Template_ActionCanExecute(actFilterRefresh)
04/07/2019 10:41:36-Template_ActionCanExecute(Requirements.Refresh)
04/07/2019 10:42:08-Template_ActionCanExecute(act_new_child_req)
04/07/2019 10:42:08-Template_ActionCanExecute(Requirements.NewRequirement)
04/07/2019 10:43:24-Template_ActionCanExecute(act_req_rename)
04/07/2019 10:43:24-Template_ActionCanExecute(Requirements.Rename)
04/07/2019 10:43:38-Template_ActionCanExecute(act_new_child_req)
04/07/2019 10:43:38-Template_ActionCanExecute(Requirements.NewRequirement)
04/07/2019 10:49:08-Template_ActionCanExecute(actFilterRefresh)
04/07/2019 10:49:08-Template_ActionCanExecute(Requirements.Refresh)
04/07/2019 10:53:11-Template_ActionCanExecute(actReqDetails)
04/07/2019 10:53:12-Template_ActionCanExecute(Requirements.RequirementDetails)
04/07/2019 10:53:27-Template_ActionCanExecute(act_new_child_req)
04/07/2019 10:53:27-Template_ActionCanExecute(Requirements.NewRequirement)
04/07/2019 10:58:03-Template_ActionCanExecute(actFilterRefresh)
04/07/2019 10:58:03-Template_ActionCanExecute(Requirements.Refresh)
04/07/2019 11:15:52-Template_ActionCanExecute(act_create_tests_selected_wizard)
04/07/2019 11:15:52-Template_ActionCanExecute(Requirements.ConvertToTests)
04/07/2019 11:31:18-Template_ActionCanExecute(act_new_test)
04/07/2019 11:31:18-Template_ActionCanExecute(TestPlanTree.NewTest)
04/07/2019 11:40:00-Template_ActionCanExecute(act_new_test)
04/07/2019 11:40:00-Template_ActionCanExecute(TestPlanTree.NewTest)
04/07/2019 11:43:24-Template_ActionCanExecute(act_new_step)
04/07/2019 11:43:24-Template_ActionCanExecute(TestDesignSteps.NewStep)
04/07/2019 11:45:55-Template_ActionCanExecute(act_new_test)
04/07/2019 11:45:55-Template_ActionCanExecute(TestPlanTree.NewTest)
04/07/2019 11:47:11-Template_ActionCanExecute(act_new_test)
04/07/2019 11:47:11-Template_ActionCanExecute(TestPlanTree.NewTest)
04/07/2019 11:48:01-Template_ActionCanExecute(act_new_test)
04/07/2019 11:48:01-Template_ActionCanExecute(TestPlanTree.NewTest)
04/07/2019 11:48:41-Template_ActionCanExecute(act_req_rename)
04/07/2019 11:48:41-Template_ActionCanExecute(Requirements.Rename)
04/07/2019 11:48:47-Template_ActionCanExecute(act_new_child_req)
04/07/2019 11:48:47-Template_ActionCanExecute(Requirements.NewRequirement)
04/07/2019 11:50:50-Template_ActionCanExecute(act_new_child_req)
04/07/2019 11:50:50-Template_ActionCanExecute(Requirements.NewRequirement)
04/07/2019 11:52:35-Template_ActionCanExecute(act_create_tests_selected_wizard)
04/07/2019 11:52:35-Template_ActionCanExecute(Requirements.ConvertToTests)
04/07/2019 11:55:30-s0073159 logged
04/07/2019 12:00:50-s0073159 logged
04/07/2019 12:02:27-s0079175 logged
04/07/2019 12:06:28-Template_ActionCanExecute(act_req_rename)
04/07/2019 12:06:28-Template_ActionCanExecute(Requirements.Rename)
04/07/2019 12:06:32-Template_ActionCanExecute(act_req_rename)
04/07/2019 12:06:32-Template_ActionCanExecute(Requirements.Rename)
04/07/2019 12:06:33-Template_ActionCanExecute(act_req_rename)
04/07/2019 12:06:33-Template_ActionCanExecute(Requirements.Rename)
04/07/2019 12:07:20-Template_ActionCanExecute(act_new_step)
04/07/2019 12:07:20-Template_ActionCanExecute(TestDesignSteps.NewStep)
04/07/2019 12:08:14-Template_ActionCanExecute(act_new_step)
04/07/2019 12:08:14-Template_ActionCanExecute(TestDesignSteps.NewStep)
04/07/2019 12:09:38-Template_ActionCanExecute(act_new_step)
04/07/2019 12:09:38-Template_ActionCanExecute(TestDesignSteps.NewStep)
04/07/2019 12:11:18-Template_ActionCanExecute(act_new_step)
04/07/2019 12:11:18-Template_ActionCanExecute(TestDesignSteps.NewStep)
04/07/2019 12:11:39-Template_ActionCanExecute(act_new_step)
04/07/2019 12:11:39-Template_ActionCanExecute(TestDesignSteps.NewStep)
04/07/2019 12:12:49-Template_ActionCanExecute(act_new_step)
04/07/2019 12:12:49-Template_ActionCanExecute(TestDesignSteps.NewStep)
04/07/2019 12:14:03-Template_ActionCanExecute(act_new_step)
04/07/2019 12:14:03-Template_ActionCanExecute(TestDesignSteps.NewStep)
04/07/2019 12:15:24-Template_ActionCanExecute(act_new_test)
04/07/2019 12:15:24-Template_ActionCanExecute(TestPlanTree.NewTest)
04/07/2019 12:19:17-Template_ActionCanExecute(act_req_rename)
04/07/2019 12:19:17-Template_ActionCanExecute(Requirements.Rename)
04/07/2019 12:19:28-Template_ActionCanExecute(actCoverageSelect)
04/07/2019 12:19:28-Template_ActionCanExecute(Requirement.SelectCoverage)
04/07/2019 12:20:25-Template_ActionCanExecute(act_add_to_cover)
04/07/2019 12:20:25-Template_ActionCanExecute(TestCoverageTestsEntitiySelection.AddTest)
04/07/2019 12:20:50-Template_ActionCanExecute(act_add_to_cover)
04/07/2019 12:20:50-Template_ActionCanExecute(TestCoverageTestsEntitiySelection.AddTest)
04/07/2019 12:21:15-Template_ActionCanExecute(act_add_to_cover)
04/07/2019 12:21:15-Template_ActionCanExecute(TestCoverageTestsEntitiySelection.AddTest)
04/07/2019 12:21:35-Template_ActionCanExecute(act_add_to_cover)
04/07/2019 12:21:35-Template_ActionCanExecute(TestCoverageTestsEntitiySelection.AddTest)
04/07/2019 12:21:49-Template_ActionCanExecute(act_add_to_cover)
04/07/2019 12:21:49-Template_ActionCanExecute(TestCoverageTestsEntitiySelection.AddTest)
04/07/2019 12:22:01-Template_ActionCanExecute(act_add_to_cover)
04/07/2019 12:22:01-Template_ActionCanExecute(TestCoverageTestsEntitiySelection.AddTest)
04/07/2019 12:25:16-Template_ActionCanExecute(act_req_rename)
04/07/2019 12:25:16-Template_ActionCanExecute(Requirements.Rename)
04/07/2019 12:25:50-Template_ActionCanExecute(act_add_to_cover)
04/07/2019 12:25:50-Template_ActionCanExecute(TestCoverageTestsEntitiySelection.AddTest)
04/07/2019 12:26:07-Template_ActionCanExecute(act_add_to_cover)
04/07/2019 12:26:07-Template_ActionCanExecute(TestCoverageTestsEntitiySelection.AddTest)
04/07/2019 12:26:15-Template_ActionCanExecute(actFilterRefresh)
04/07/2019 12:26:15-Template_ActionCanExecute(Requirements.Refresh)
04/07/2019 12:26:24-Template_ActionCanExecute(actFilterRefresh)
04/07/2019 12:26:24-Template_ActionCanExecute(Requirement.Refresh)
04/07/2019 12:26:25-Template_ActionCanExecute(actFilterRefresh)
04/07/2019 12:26:25-Template_ActionCanExecute(Requirement.Refresh)
04/07/2019 12:26:43-Template_ActionCanExecute(act_add_to_cover)
04/07/2019 12:26:43-Template_ActionCanExecute(TestCoverageTestsEntitiySelection.AddTest)
04/07/2019 12:26:57-Template_ActionCanExecute(act_req_rename)
04/07/2019 12:26:57-Template_ActionCanExecute(Requirements.Rename)
04/07/2019 12:27:16-Template_ActionCanExecute(act_add_to_cover)
04/07/2019 12:27:16-Template_ActionCanExecute(TestCoverageTestsEntitiySelection.AddTest)
04/07/2019 13:40:21-s0079175 logged
04/07/2019 13:52:26-Template_ActionCanExecute(TestsListAct)
04/07/2019 13:52:26-Template_ActionCanExecute(TestSetView.SelectTests)
04/07/2019 13:53:04-Template_ActionCanExecute(act_add_to_cover)
04/07/2019 13:53:04-Template_ActionCanExecute(TestLabTestsEntitiySelection.AddTestsToTestSet)
04/07/2019 13:53:21-Template_ActionCanExecute(act_add_to_cover)
04/07/2019 13:53:21-Template_ActionCanExecute(TestLabTestsEntitiySelection.AddTestsToTestSet)
04/07/2019 13:59:01-Template_ActionCanExecute(act_add_to_cover)
04/07/2019 13:59:01-Template_ActionCanExecute(TestLabTestsEntitiySelection.AddTestsToTestSet)
04/07/2019 14:03:46-Template_ActionCanExecute(act_run)
04/07/2019 14:03:46-Template_ActionCanExecute(TestSetView.Run)
04/07/2019 14:04:00-Template_ActionCanExecute(actCancelRun)
04/07/2019 14:04:00-Template_ActionCanExecute(RunView.CancelRun)
04/07/2019 14:04:13-Template_ActionCanExecute(Sprinter.RunNewRunner)
04/07/2019 14:17:45-s0079175 logged
04/07/2019 14:20:22-Template_ActionCanExecute(act_req_rename)
04/07/2019 14:20:22-Template_ActionCanExecute(Requirements.Rename)
04/07/2019 14:22:20-Template_ActionCanExecute(Sprinter.RunNewRunner)
04/07/2019 14:27:56-Template_ActionCanExecute(actFilterRefresh)
04/07/2019 14:27:56-Template_ActionCanExecute(TestLab.RefreshAll)
04/07/2019 14:42:20-Template_ActionCanExecute(act_refresh)
04/07/2019 14:42:20-Template_ActionCanExecute(Defects.RefreshAll)
04/07/2019 14:43:42-s0079175 logged
04/07/2019 14:47:19-s0079175 logged
04/07/2019 14:52:53-Template_ActionCanExecute(actBugDetails)
04/07/2019 14:52:53-Template_ActionCanExecute(Defects.DefectDetails)
04/07/2019 14:56:43-Template_ActionCanExecute(Analysis.Copy)
04/07/2019 14:58:43-Template_ActionCanExecute(Analysis.Paste)
04/07/2019 15:13:03-s0079175 logged
04/07/2019 15:16:23-Template_ActionCanExecute(Analysis.Copy)
04/07/2019 15:19:12-Template_ActionCanExecute(Dashboard.NewPage)
04/07/2019 15:19:52-Template_ActionCanExecute(DashboardGraphEntitiySelection.GT_CMD_ADD)
04/07/2019 15:20:03-Template_ActionCanExecute(DashboardGraphEntitiySelection.GT_CMD_ADD)
04/07/2019 15:32:12-Template_ActionCanExecute(Sprinter.RunNewRunner)
04/07/2019 15:36:40-Template_ActionCanExecute(actFilterRefresh)
04/07/2019 15:36:40-Template_ActionCanExecute(TestLab.RefreshAll)
04/07/2019 15:36:59-Template_ActionCanExecute(actBugDetails)
04/07/2019 15:36:59-Template_ActionCanExecute(Defects.DefectDetails)
04/07/2019 15:37:11-Template_ActionCanExecute(BugAddDevCommentsAction1)
04/07/2019 15:37:11-Template_ActionCanExecute(FieldComments.AddComment)
04/07/2019 15:39:09-Template_ActionCanExecute(Dashboard.Generate)
04/07/2019 15:39:18-Template_ActionCanExecute(Dashboard.Refresh)
04/07/2019 15:39:54-Template_ActionCanExecute(actBugDetails)
04/07/2019 15:39:54-Template_ActionCanExecute(Defects.DefectDetails)
04/07/2019 15:40:14-Template_ActionCanExecute(BugAddDevCommentsAction1)
04/07/2019 15:40:14-Template_ActionCanExecute(FieldComments.AddComment)
04/07/2019 15:41:34-Template_ActionCanExecute(DashboardResult.GeneratePage)
04/07/2019 15:41:45-Template_ActionCanExecute(Dashboard.Refresh)
04/07/2019 15:41:48-Template_ActionCanExecute(Dashboard.Refresh)
04/07/2019 15:42:16-Template_ActionCanExecute(Dashboard.Refresh)
04/07/2019 15:42:53-Template_ActionCanExecute(DetailsAct)
04/07/2019 15:42:53-Template_ActionCanExecute(ExecutionGrid.Details)
04/07/2019 15:46:01-s0073159 logged
04/07/2019 16:14:20-s0073159 logged
04/07/2019 16:15:38-Template_ActionCanExecute(Release.Refresh)
04/07/2019 16:15:39-Template_ActionCanExecute(Release.Refresh)
